Caluc/Temp/gradleOut/unityLibrary/build/intermediates/manifest_merge_blame_file/release/manifest-merger-blame-release-report.txt
1<?xml version="1.0" encoding="utf-8"?>
2<!-- GENERATED BY UNITY. REMOVE THIS COMMENT TO PREVENT OVERWRITING WHEN EXPORTING AGAIN -->
3<manifest xmlns:android="http://schemas.android.com/apk/res/android"
4    xmlns:tools="http://schemas.android.com/tools"
5    package="com.unity3d.player"
6    android:versionCode="1"
7    android:versionName="0.1" >
8
9    <uses-sdk
10        android:minSdkVersion="19"
10-->src\main\AndroidManifest.xml
11        android:targetSdkVersion="28" />
11-->src\main\AndroidManifest.xml
12
13    <uses-feature android:glEsVersion="0x00020000" />
13-->src\main\AndroidManifest.xml:16:3-52
13-->src\main\AndroidManifest.xml:16:17-49
14
15    <uses-permission android:name="android.permission.INTERNET" />
15-->src\main\AndroidManifest.xml:17:3-65
15-->src\main\AndroidManifest.xml:17:20-62
16    <uses-permission android:name="android.permission.CAMERA" />
16-->src\main\AndroidManifest.xml:18:3-63
16-->src\main\AndroidManifest.xml:18:20-60
17
18    <uses-feature
18-->src\main\AndroidManifest.xml:19:3-83
19        android:name="android.hardware.camera"
19-->src\main\AndroidManifest.xml:19:17-55
20        android:required="false" />
20-->src\main\AndroidManifest.xml:19:56-80
21    <uses-feature
21-->src\main\AndroidManifest.xml:20:3-93
22        android:name="android.hardware.camera.autofocus"
22-->src\main\AndroidManifest.xml:20:17-65
23        android:required="false" />
23-->src\main\AndroidManifest.xml:20:66-90
24    <uses-feature
24-->src\main\AndroidManifest.xml:21:3-89
25        android:name="android.hardware.camera.front"
25-->src\main\AndroidManifest.xml:21:17-61
26        android:required="false" />
26-->src\main\AndroidManifest.xml:21:62-86
27    <uses-feature
27-->src\main\AndroidManifest.xml:22:3-88
28        android:name="android.hardware.touchscreen"
28-->src\main\AndroidManifest.xml:22:17-60
29        android:required="false" />
29-->src\main\AndroidManifest.xml:22:61-85
30    <uses-feature
30-->src\main\AndroidManifest.xml:23:3-99
31        android:name="android.hardware.touchscreen.multitouch"
31-->src\main\AndroidManifest.xml:23:17-71
32        android:required="false" />
32-->src\main\AndroidManifest.xml:23:72-96
33    <uses-feature
33-->src\main\AndroidManifest.xml:24:3-108
34        android:name="android.hardware.touchscreen.multitouch.distinct"
34-->src\main\AndroidManifest.xml:24:17-80
35        android:required="false" />
35-->src\main\AndroidManifest.xml:24:81-105
36
37    <application>
37-->src\main\AndroidManifest.xml:4:3-15:17
38        <activity
38-->src\main\AndroidManifest.xml:5:5-11:16
39            android:name="com.unity3d.player.UnityPlayerActivity"
39-->src\main\AndroidManifest.xml:5:15-68
40            android:configChanges="mcc|mnc|locale|touchscreen|keyboard|keyboardHidden|navigation|orientation|screenLayout|uiMode|screenSize|smallestScreenSize|fontScale|layoutDirection|density"
40-->src\main\AndroidManifest.xml:5:182-363
41            android:hardwareAccelerated="false"
41-->src\main\AndroidManifest.xml:5:364-399
42            android:launchMode="singleTask"
42-->src\main\AndroidManifest.xml:5:150-181
43            android:screenOrientation="fullSensor"
43-->src\main\AndroidManifest.xml:5:111-149
44            android:theme="@style/UnityThemeSelector" >
44-->src\main\AndroidManifest.xml:5:69-110
45            <intent-filter>
45-->src\main\AndroidManifest.xml:6:7-9:23
46                <action android:name="android.intent.action.MAIN" />
46-->src\main\AndroidManifest.xml:7:9-61
46-->src\main\AndroidManifest.xml:7:17-58
47
48                <category android:name="android.intent.category.LAUNCHER" />
48-->src\main\AndroidManifest.xml:8:9-69
48-->src\main\AndroidManifest.xml:8:19-66
49            </intent-filter>
50
51            <meta-data
51-->src\main\AndroidManifest.xml:10:7-82
52                android:name="unityplayer.UnityActivity"
52-->src\main\AndroidManifest.xml:10:18-58
53                android:value="true" />
53-->src\main\AndroidManifest.xml:10:59-79
54        </activity>
55
56        <meta-data
56-->src\main\AndroidManifest.xml:12:5-69
57            android:name="unity.splash-mode"
57-->src\main\AndroidManifest.xml:12:16-48
58            android:value="2" />
58-->src\main\AndroidManifest.xml:12:49-66
59        <meta-data
59-->src\main\AndroidManifest.xml:13:5-74
60            android:name="unity.splash-enable"
60-->src\main\AndroidManifest.xml:13:16-50
61            android:value="True" />
61-->src\main\AndroidManifest.xml:13:51-71
62        <meta-data
62-->src\main\AndroidManifest.xml:14:5-101
63            android:name="unity.build-id"
63-->src\main\AndroidManifest.xml:14:16-45
64            android:value="a92a77e9-c840-4efd-9d16-888ec137d5c3" />
64-->src\main\AndroidManifest.xml:14:46-98
65    </application>
66
67</manifest>